

============================== 2023-07-03 17:27:15.151757 | 10e3290b-dc57-4ae7-8a72-418a05d63ba7 ==============================
[0m17:27:15.151762 [info ] [MainThread]: Running with dbt=1.3.0
[0m17:27:15.151980 [debug] [MainThread]: running dbt with arguments {'write_json': True, 'use_colors': True, 'printer_width': 80, 'version_check': True, 'partial_parse': True, 'static_parser': True, 'profiles_dir': '/Users/david/.dbt', 'send_anonymous_usage_stats': True, 'event_buffer_size': 100000, 'quiet': False, 'no_print': False, 'skip_profile_setup': False, 'which': 'init', 'indirect_selection': 'eager'}
[0m17:27:15.152054 [debug] [MainThread]: Tracking: tracking
[0m17:27:15.161165 [debug] [MainThread]: Sending event: {'category': 'dbt', 'action': 'invocation', 'label': 'start', 'context': [<snowplow_tracker.self_describing_json.SelfDescribingJson object at 0x110331300>, <snowplow_tracker.self_describing_json.SelfDescribingJson object at 0x110362b60>, <snowplow_tracker.self_describing_json.SelfDescribingJson object at 0x110363460>]}
[0m17:27:30.845989 [debug] [MainThread]: Starter project path: /opt/homebrew/lib/python3.10/site-packages/dbt/include/starter_project
[0m17:30:51.797230 [info ] [MainThread]: Profile dbt_bigquery written to /Users/david/.dbt/profiles.yml using target's profile_template.yml and your supplied values. Run 'dbt debug' to validate the connection.
[0m17:30:51.798594 [info ] [MainThread]: 
Your new dbt project "dbt_bigquery" was created!

For more information on how to configure the profiles.yml file,
please consult the dbt documentation here:

  https://docs.getdbt.com/docs/configure-your-profile

One more thing:

Need help? Don't hesitate to reach out to us via GitHub issues or on Slack:

  https://community.getdbt.com/

Happy modeling!

[0m17:30:51.799359 [debug] [MainThread]: Sending event: {'category': 'dbt', 'action': 'invocation', 'label': 'end', 'context': [<snowplow_tracker.self_describing_json.SelfDescribingJson object at 0x110362e60>, <snowplow_tracker.self_describing_json.SelfDescribingJson object at 0x110362b60>, <snowplow_tracker.self_describing_json.SelfDescribingJson object at 0x110362980>]}
[0m17:30:51.799813 [debug] [MainThread]: Flushing usage events


============================== 2023-07-03 17:48:11.913907 | 41bbfe5f-67b8-4840-9c63-e8f7e6a80fda ==============================
[0m17:48:11.913913 [info ] [MainThread]: Running with dbt=1.3.0
[0m17:48:11.914247 [debug] [MainThread]: running dbt with arguments {'write_json': True, 'use_colors': True, 'printer_width': 80, 'version_check': True, 'partial_parse': True, 'static_parser': True, 'profiles_dir': '/Users/david/.dbt', 'send_anonymous_usage_stats': True, 'event_buffer_size': 100000, 'quiet': False, 'no_print': False, 'skip_profile_setup': False, 'which': 'init', 'indirect_selection': 'eager'}
[0m17:48:11.914321 [debug] [MainThread]: Tracking: tracking
[0m17:48:11.923086 [debug] [MainThread]: Sending event: {'category': 'dbt', 'action': 'invocation', 'label': 'start', 'context': [<snowplow_tracker.self_describing_json.SelfDescribingJson object at 0x107df70d0>, <snowplow_tracker.self_describing_json.SelfDescribingJson object at 0x107e26b60>, <snowplow_tracker.self_describing_json.SelfDescribingJson object at 0x107e27460>]}
[0m17:48:38.686599 [debug] [MainThread]: Starter project path: /opt/homebrew/lib/python3.10/site-packages/dbt/include/starter_project
[0m17:49:54.425244 [info ] [MainThread]: Profile dagster_dbt_project written to /Users/david/.dbt/profiles.yml using target's profile_template.yml and your supplied values. Run 'dbt debug' to validate the connection.
[0m17:49:54.426370 [info ] [MainThread]: 
Your new dbt project "dagster_dbt_project" was created!

For more information on how to configure the profiles.yml file,
please consult the dbt documentation here:

  https://docs.getdbt.com/docs/configure-your-profile

One more thing:

Need help? Don't hesitate to reach out to us via GitHub issues or on Slack:

  https://community.getdbt.com/

Happy modeling!

[0m17:49:54.426770 [debug] [MainThread]: Sending event: {'category': 'dbt', 'action': 'invocation', 'label': 'end', 'context': [<snowplow_tracker.self_describing_json.SelfDescribingJson object at 0x107e26e60>, <snowplow_tracker.self_describing_json.SelfDescribingJson object at 0x107e26b60>, <snowplow_tracker.self_describing_json.SelfDescribingJson object at 0x107e26980>]}
[0m17:49:54.427089 [debug] [MainThread]: Flushing usage events
